<?xml version="1.0" encoding="UTF-8"?>
<!-- Generated by org.testng.reporters.JUnitReportReporter -->
<testsuite hostname="DESKTOP-JPO07VB" failures="0" tests="4" name="tests.ProductDisplayTest" time="8.456" errors="0" timestamp="2025-02-21T20:03:08 IST" skipped="0">
  <testcase classname="tests.ProductDisplayTest" name="searchProduct" time="1.541"/>
  <testcase classname="tests.ProductDisplayTest" name="clickOnProductImage" time="1.217"/>
  <testcase classname="tests.ProductDisplayTest" name="clickOnLeftRightArrow" time="0.518"/>
  <testcase classname="tests.ProductDisplayTest" name="clickOnNormalImg" time="5.180"/>
</testsuite> <!-- tests.ProductDisplayTest -->
