<?xml version="1.0" encoding="UTF-8"?>
<!-- Generated by org.testng.reporters.JUnitReportReporter -->
<testsuite hostname="DESKTOP-JPO07VB" failures="0" tests="3" name="tests.ProductDisplayTest" time="3.368" errors="0" timestamp="2025-02-21T14:21:50 IST" skipped="0">
  <testcase classname="tests.ProductDisplayTest" name="searchProduct" time="1.620"/>
  <testcase classname="tests.ProductDisplayTest" name="clickOnProductImage" time="1.286"/>
  <testcase classname="tests.ProductDisplayTest" name="clickOnLeftRightArrow" time="0.462"/>
</testsuite> <!-- tests.ProductDisplayTest -->
