<?xml version="1.0" encoding="UTF-8"?>
<!-- Generated by org.testng.reporters.JUnitReportReporter -->
<testsuite hostname="DESKTOP-JPO07VB" failures="0" tests="4" name="tests.AddToCartTest" time="4.308" errors="0" timestamp="2025-02-22T18:45:17 IST" skipped="0">
  <testcase classname="tests.AddToCartTest" name="searchProduct" time="1.357"/>
  <testcase classname="tests.AddToCartTest" name="clickProductDisplayed" time="1.487"/>
  <testcase classname="tests.AddToCartTest" name="clickOnAddToCart" time="0.177"/>
  <testcase classname="tests.AddToCartTest" name="clickOnShoppingCart" time="1.287"/>
</testsuite> <!-- tests.AddToCartTest -->
