<?xml version="1.0" encoding="UTF-8"?>
<!-- Generated by org.testng.reporters.JUnitReportReporter -->
<testsuite hostname="DESKTOP-JPO07VB" failures="0" tests="4" name="tests.ProductDisplayTest" time="9.557" errors="0" timestamp="2025-02-21T14:24:59 IST" skipped="0">
  <testcase classname="tests.ProductDisplayTest" name="searchProduct" time="1.535"/>
  <testcase classname="tests.ProductDisplayTest" name="clickOnProductImage" time="1.801"/>
  <testcase classname="tests.ProductDisplayTest" name="clickOnLeftRightArrow" time="0.408"/>
  <testcase classname="tests.ProductDisplayTest" name="clickOnNormalImg" time="5.813"/>
</testsuite> <!-- tests.ProductDisplayTest -->
